<?xml version="1.0" encoding="UTF-8" ?>
<testsuite tests="7" failures="0" name="CustomerUdf.ExtractLogTest" time="0.046" errors="0" skipped="0">
  <properties>
[...]
</properties>
  <testcase classname="CustomerUdf.ExtractLogTest" name="testformat" time="0.032"/>
  <testcase classname="CustomerUdf.ExtractLogTest" name="testCurrentCline" time="0.009"/>
  <testcase classname="CustomerUdf.ExtractLogTest" name="testExtract" time="0.002"/>
  <testcase classname="CustomerUdf.ExtractLogTest" name="testLine" time="0"/>
  <testcase classname="CustomerUdf.ExtractLogTest" name="evaluate" time="0.001"/>
  <testcase classname="CustomerUdf.ExtractLogTest" name="formatTest" time="0.001"/>
  <testcase classname="CustomerUdf.ExtractLogTest" name="testRandom" time="0.001"/>
</testsuite>